<?xml version="1.0" encoding="UTF-8"?>
<testng-results ignored="0" total="9" passed="9" failed="0" skipped="0">
  <reporter-output>
  </reporter-output>
  <suite started-at="2024-12-07T05:46:57 GMT" name="vendor-portal" finished-at="2024-12-07T05:47:29 GMT" duration-ms="31528">
    <groups>
    </groups>
    <test started-at="2024-12-07T05:46:57 GMT" name="user-john" finished-at="2024-12-07T05:47:23 GMT" duration-ms="25606">
      <class name="com.vinsguru.tests.vendorportal.VendorPortalTest">
        <test-method is-config="true" signature="setupConfig()[pri:0, instance:com.vinsguru.tests.vendorportal.VendorPortalTest@934b6cb]" started-at="2024-12-07T05:46:57 GMT" name="setupConfig" finished-at="2024-12-07T05:46:57 GMT" duration-ms="27" status="PASS">
          <reporter-output>
          </reporter-output>
        </test-method> <!-- setupConfig -->
        <test-method is-config="true" signature="setDriver(org.testng.ITestContext)[pri:0, instance:com.vinsguru.tests.vendorportal.VendorPortalTest@934b6cb]" started-at="2024-12-07T05:46:57 GMT" name="setDriver" finished-at="2024-12-07T05:47:17 GMT" duration-ms="20130" status="PASS">
          <params>
            <param index="0">
              <value>
                <![CDATA[org.testng.TestRunner@401f7633]]>
              </value>
            </param>
          </params>
          <reporter-output>
          </reporter-output>
        </test-method> <!-- setDriver -->
        <test-method is-config="true" signature="setPageObjects(java.lang.String)[pri:0, instance:com.vinsguru.tests.vendorportal.VendorPortalTest@934b6cb]" started-at="2024-12-07T05:47:17 GMT" name="setPageObjects" finished-at="2024-12-07T05:47:18 GMT" depends-on-methods="com.vinsguru.tests.AbstractTest.setDriver" duration-ms="212" status="PASS">
          <params>
            <param index="0">
              <value>
                <![CDATA[test-data/vendor-portal/john.json]]>
              </value>
            </param>
          </params>
          <reporter-output>
          </reporter-output>
        </test-method> <!-- setPageObjects -->
        <test-method signature="loginTest()[pri:0, instance:com.vinsguru.tests.vendorportal.VendorPortalTest@934b6cb]" started-at="2024-12-07T05:47:18 GMT" name="loginTest" finished-at="2024-12-07T05:47:19 GMT" duration-ms="1532" status="PASS">
          <reporter-output>
          </reporter-output>
        </test-method> <!-- loginTest -->
        <test-method signature="dashboardTest()[pri:0, instance:com.vinsguru.tests.vendorportal.VendorPortalTest@934b6cb]" started-at="2024-12-07T05:47:19 GMT" name="dashboardTest" finished-at="2024-12-07T05:47:22 GMT" depends-on-methods="com.vinsguru.tests.vendorportal.VendorPortalTest.loginTest" duration-ms="2663" status="PASS">
          <reporter-output>
          </reporter-output>
        </test-method> <!-- dashboardTest -->
        <test-method signature="logoutTest()[pri:0, instance:com.vinsguru.tests.vendorportal.VendorPortalTest@934b6cb]" started-at="2024-12-07T05:47:22 GMT" name="logoutTest" finished-at="2024-12-07T05:47:23 GMT" depends-on-methods="com.vinsguru.tests.vendorportal.VendorPortalTest.dashboardTest" duration-ms="951" status="PASS">
          <reporter-output>
          </reporter-output>
        </test-method> <!-- logoutTest -->
        <test-method is-config="true" signature="quitDriver()[pri:0, instance:com.vinsguru.tests.vendorportal.VendorPortalTest@934b6cb]" started-at="2024-12-07T05:47:23 GMT" name="quitDriver" finished-at="2024-12-07T05:47:23 GMT" duration-ms="88" status="PASS">
          <reporter-output>
          </reporter-output>
        </test-method> <!-- quitDriver -->
      </class> <!-- com.vinsguru.tests.vendorportal.VendorPortalTest -->
    </test> <!-- user-john -->
    <test started-at="2024-12-07T05:46:57 GMT" name="user-sam" finished-at="2024-12-07T05:47:24 GMT" duration-ms="26750">
      <class name="com.vinsguru.tests.vendorportal.VendorPortalTest">
        <test-method is-config="true" signature="setDriver(org.testng.ITestContext)[pri:0, instance:com.vinsguru.tests.vendorportal.VendorPortalTest@f14a7d4]" started-at="2024-12-07T05:46:57 GMT" name="setDriver" finished-at="2024-12-07T05:47:20 GMT" duration-ms="22875" status="PASS">
          <params>
            <param index="0">
              <value>
                <![CDATA[org.testng.TestRunner@62010f5c]]>
              </value>
            </param>
          </params>
          <reporter-output>
          </reporter-output>
        </test-method> <!-- setDriver -->
        <test-method is-config="true" signature="setPageObjects(java.lang.String)[pri:0, instance:com.vinsguru.tests.vendorportal.VendorPortalTest@f14a7d4]" started-at="2024-12-07T05:47:20 GMT" name="setPageObjects" finished-at="2024-12-07T05:47:20 GMT" depends-on-methods="com.vinsguru.tests.AbstractTest.setDriver" duration-ms="6" status="PASS">
          <params>
            <param index="0">
              <value>
                <![CDATA[test-data/vendor-portal/sam.json]]>
              </value>
            </param>
          </params>
          <reporter-output>
          </reporter-output>
        </test-method> <!-- setPageObjects -->
        <test-method signature="loginTest()[pri:0, instance:com.vinsguru.tests.vendorportal.VendorPortalTest@f14a7d4]" started-at="2024-12-07T05:47:20 GMT" name="loginTest" finished-at="2024-12-07T05:47:21 GMT" duration-ms="792" status="PASS">
          <reporter-output>
          </reporter-output>
        </test-method> <!-- loginTest -->
        <test-method signature="dashboardTest()[pri:0, instance:com.vinsguru.tests.vendorportal.VendorPortalTest@f14a7d4]" started-at="2024-12-07T05:47:21 GMT" name="dashboardTest" finished-at="2024-12-07T05:47:22 GMT" depends-on-methods="com.vinsguru.tests.vendorportal.VendorPortalTest.loginTest" duration-ms="1406" status="PASS">
          <reporter-output>
          </reporter-output>
        </test-method> <!-- dashboardTest -->
        <test-method signature="logoutTest()[pri:0, instance:com.vinsguru.tests.vendorportal.VendorPortalTest@f14a7d4]" started-at="2024-12-07T05:47:22 GMT" name="logoutTest" finished-at="2024-12-07T05:47:24 GMT" depends-on-methods="com.vinsguru.tests.vendorportal.VendorPortalTest.dashboardTest" duration-ms="1573" status="PASS">
          <reporter-output>
          </reporter-output>
        </test-method> <!-- logoutTest -->
        <test-method is-config="true" signature="quitDriver()[pri:0, instance:com.vinsguru.tests.vendorportal.VendorPortalTest@f14a7d4]" started-at="2024-12-07T05:47:24 GMT" name="quitDriver" finished-at="2024-12-07T05:47:24 GMT" duration-ms="82" status="PASS">
          <reporter-output>
          </reporter-output>
        </test-method> <!-- quitDriver -->
      </class> <!-- com.vinsguru.tests.vendorportal.VendorPortalTest -->
    </test> <!-- user-sam -->
    <test started-at="2024-12-07T05:46:57 GMT" name="user-mike" finished-at="2024-12-07T05:47:29 GMT" duration-ms="31527">
      <class name="com.vinsguru.tests.vendorportal.VendorPortalTest">
        <test-method is-config="true" signature="setDriver(org.testng.ITestContext)[pri:0, instance:com.vinsguru.tests.vendorportal.VendorPortalTest@4032d386]" started-at="2024-12-07T05:46:57 GMT" name="setDriver" finished-at="2024-12-07T05:47:23 GMT" duration-ms="26116" status="PASS">
          <params>
            <param index="0">
              <value>
                <![CDATA[org.testng.TestRunner@51fadaff]]>
              </value>
            </param>
          </params>
          <reporter-output>
          </reporter-output>
        </test-method> <!-- setDriver -->
        <test-method is-config="true" signature="setPageObjects(java.lang.String)[pri:0, instance:com.vinsguru.tests.vendorportal.VendorPortalTest@4032d386]" started-at="2024-12-07T05:47:23 GMT" name="setPageObjects" finished-at="2024-12-07T05:47:23 GMT" depends-on-methods="com.vinsguru.tests.AbstractTest.setDriver" duration-ms="3" status="PASS">
          <params>
            <param index="0">
              <value>
                <![CDATA[test-data/vendor-portal/mike.json]]>
              </value>
            </param>
          </params>
          <reporter-output>
          </reporter-output>
        </test-method> <!-- setPageObjects -->
        <test-method signature="loginTest()[pri:0, instance:com.vinsguru.tests.vendorportal.VendorPortalTest@4032d386]" started-at="2024-12-07T05:47:23 GMT" name="loginTest" finished-at="2024-12-07T05:47:24 GMT" duration-ms="738" status="PASS">
          <reporter-output>
          </reporter-output>
        </test-method> <!-- loginTest -->
        <test-method signature="dashboardTest()[pri:0, instance:com.vinsguru.tests.vendorportal.VendorPortalTest@4032d386]" started-at="2024-12-07T05:47:24 GMT" name="dashboardTest" finished-at="2024-12-07T05:47:27 GMT" depends-on-methods="com.vinsguru.tests.vendorportal.VendorPortalTest.loginTest" duration-ms="2907" status="PASS">
          <reporter-output>
          </reporter-output>
        </test-method> <!-- dashboardTest -->
        <test-method signature="logoutTest()[pri:0, instance:com.vinsguru.tests.vendorportal.VendorPortalTest@4032d386]" started-at="2024-12-07T05:47:27 GMT" name="logoutTest" finished-at="2024-12-07T05:47:29 GMT" depends-on-methods="com.vinsguru.tests.vendorportal.VendorPortalTest.dashboardTest" duration-ms="1654" status="PASS">
          <reporter-output>
          </reporter-output>
        </test-method> <!-- logoutTest -->
        <test-method is-config="true" signature="quitDriver()[pri:0, instance:com.vinsguru.tests.vendorportal.VendorPortalTest@4032d386]" started-at="2024-12-07T05:47:29 GMT" name="quitDriver" finished-at="2024-12-07T05:47:29 GMT" duration-ms="92" status="PASS">
          <reporter-output>
          </reporter-output>
        </test-method> <!-- quitDriver -->
      </class> <!-- com.vinsguru.tests.vendorportal.VendorPortalTest -->
    </test> <!-- user-mike -->
  </suite> <!-- vendor-portal -->
</testng-results>
