<?xml version="1.0" encoding="UTF-8"?>
<testng-results ignored="0" total="20" passed="20" failed="0" skipped="0">
  <reporter-output>
  </reporter-output>
  <suite started-at="2024-12-07T05:46:57 GMT" name="flight-reservation" finished-at="2024-12-07T05:47:19 GMT" duration-ms="22208">
    <groups>
    </groups>
    <test started-at="2024-12-07T05:46:57 GMT" name="passengers-count-1" finished-at="2024-12-07T05:47:09 GMT" duration-ms="11907">
      <class name="com.vinsguru.tests.flightreservation.FlightReservationTest">
        <test-method is-config="true" signature="setDriver(org.testng.ITestContext)[pri:0, instance:com.vinsguru.tests.flightreservation.FlightReservationTest@79c97cb]" started-at="2024-12-07T05:46:57 GMT" name="setDriver" finished-at="2024-12-07T05:47:00 GMT" duration-ms="2903" status="PASS">
          <params>
            <param index="0">
              <value>
                <![CDATA[org.testng.TestRunner@106cc338]]>
              </value>
            </param>
          </params>
          <reporter-output>
          </reporter-output>
        </test-method> <!-- setDriver -->
        <test-method is-config="true" signature="setParameters(java.lang.String)[pri:0, instance:com.vinsguru.tests.flightreservation.FlightReservationTest@79c97cb]" started-at="2024-12-07T05:47:00 GMT" name="setParameters" finished-at="2024-12-07T05:47:00 GMT" depends-on-methods="com.vinsguru.tests.AbstractTest.setDriver" duration-ms="197" status="PASS">
          <params>
            <param index="0">
              <value>
                <![CDATA[test-data/flight-reservation/passenger-1.json]]>
              </value>
            </param>
          </params>
          <reporter-output>
          </reporter-output>
        </test-method> <!-- setParameters -->
        <test-method signature="userRegistrationTest()[pri:0, instance:com.vinsguru.tests.flightreservation.FlightReservationTest@79c97cb]" started-at="2024-12-07T05:47:00 GMT" name="userRegistrationTest" finished-at="2024-12-07T05:47:03 GMT" duration-ms="2168" status="PASS">
          <reporter-output>
          </reporter-output>
        </test-method> <!-- userRegistrationTest -->
        <test-method signature="registrationConfirmationTest()[pri:0, instance:com.vinsguru.tests.flightreservation.FlightReservationTest@79c97cb]" started-at="2024-12-07T05:47:03 GMT" name="registrationConfirmationTest" finished-at="2024-12-07T05:47:04 GMT" depends-on-methods="com.vinsguru.tests.flightreservation.FlightReservationTest.userRegistrationTest" duration-ms="1910" status="PASS">
          <reporter-output>
          </reporter-output>
        </test-method> <!-- registrationConfirmationTest -->
        <test-method signature="flightsSearchTest()[pri:0, instance:com.vinsguru.tests.flightreservation.FlightReservationTest@79c97cb]" started-at="2024-12-07T05:47:04 GMT" name="flightsSearchTest" finished-at="2024-12-07T05:47:06 GMT" depends-on-methods="com.vinsguru.tests.flightreservation.FlightReservationTest.registrationConfirmationTest" duration-ms="1964" status="PASS">
          <reporter-output>
          </reporter-output>
        </test-method> <!-- flightsSearchTest -->
        <test-method signature="flightsSelectionTest()[pri:0, instance:com.vinsguru.tests.flightreservation.FlightReservationTest@79c97cb]" started-at="2024-12-07T05:47:06 GMT" name="flightsSelectionTest" finished-at="2024-12-07T05:47:08 GMT" depends-on-methods="com.vinsguru.tests.flightreservation.FlightReservationTest.flightsSearchTest" duration-ms="1966" status="PASS">
          <reporter-output>
          </reporter-output>
        </test-method> <!-- flightsSelectionTest -->
        <test-method signature="flightReservationConfirmationTest()[pri:0, instance:com.vinsguru.tests.flightreservation.FlightReservationTest@79c97cb]" started-at="2024-12-07T05:47:08 GMT" name="flightReservationConfirmationTest" finished-at="2024-12-07T05:47:09 GMT" depends-on-methods="com.vinsguru.tests.flightreservation.FlightReservationTest.flightsSelectionTest" duration-ms="672" status="PASS">
          <reporter-output>
          </reporter-output>
        </test-method> <!-- flightReservationConfirmationTest -->
        <test-method is-config="true" signature="quitDriver()[pri:0, instance:com.vinsguru.tests.flightreservation.FlightReservationTest@79c97cb]" started-at="2024-12-07T05:47:09 GMT" name="quitDriver" finished-at="2024-12-07T05:47:09 GMT" duration-ms="90" status="PASS">
          <reporter-output>
          </reporter-output>
        </test-method> <!-- quitDriver -->
      </class> <!-- com.vinsguru.tests.flightreservation.FlightReservationTest -->
    </test> <!-- passengers-count-1 -->
    <test started-at="2024-12-07T05:46:57 GMT" name="passengers-count-2" finished-at="2024-12-07T05:47:11 GMT" duration-ms="14163">
      <class name="com.vinsguru.tests.flightreservation.FlightReservationTest">
        <test-method is-config="true" signature="setDriver(org.testng.ITestContext)[pri:0, instance:com.vinsguru.tests.flightreservation.FlightReservationTest@55cf0d14]" started-at="2024-12-07T05:46:57 GMT" name="setDriver" finished-at="2024-12-07T05:47:00 GMT" duration-ms="2906" status="PASS">
          <params>
            <param index="0">
              <value>
                <![CDATA[org.testng.TestRunner@132e0cc]]>
              </value>
            </param>
          </params>
          <reporter-output>
          </reporter-output>
        </test-method> <!-- setDriver -->
        <test-method is-config="true" signature="setParameters(java.lang.String)[pri:0, instance:com.vinsguru.tests.flightreservation.FlightReservationTest@55cf0d14]" started-at="2024-12-07T05:47:00 GMT" name="setParameters" finished-at="2024-12-07T05:47:00 GMT" depends-on-methods="com.vinsguru.tests.AbstractTest.setDriver" duration-ms="197" status="PASS">
          <params>
            <param index="0">
              <value>
                <![CDATA[test-data/flight-reservation/passenger-2.json]]>
              </value>
            </param>
          </params>
          <reporter-output>
          </reporter-output>
        </test-method> <!-- setParameters -->
        <test-method signature="userRegistrationTest()[pri:0, instance:com.vinsguru.tests.flightreservation.FlightReservationTest@55cf0d14]" started-at="2024-12-07T05:47:00 GMT" name="userRegistrationTest" finished-at="2024-12-07T05:47:03 GMT" duration-ms="2197" status="PASS">
          <reporter-output>
          </reporter-output>
        </test-method> <!-- userRegistrationTest -->
        <test-method signature="registrationConfirmationTest()[pri:0, instance:com.vinsguru.tests.flightreservation.FlightReservationTest@55cf0d14]" started-at="2024-12-07T05:47:03 GMT" name="registrationConfirmationTest" finished-at="2024-12-07T05:47:04 GMT" depends-on-methods="com.vinsguru.tests.flightreservation.FlightReservationTest.userRegistrationTest" duration-ms="1888" status="PASS">
          <reporter-output>
          </reporter-output>
        </test-method> <!-- registrationConfirmationTest -->
        <test-method signature="flightsSearchTest()[pri:0, instance:com.vinsguru.tests.flightreservation.FlightReservationTest@55cf0d14]" started-at="2024-12-07T05:47:04 GMT" name="flightsSearchTest" finished-at="2024-12-07T05:47:07 GMT" depends-on-methods="com.vinsguru.tests.flightreservation.FlightReservationTest.registrationConfirmationTest" duration-ms="2544" status="PASS">
          <reporter-output>
          </reporter-output>
        </test-method> <!-- flightsSearchTest -->
        <test-method signature="flightsSelectionTest()[pri:0, instance:com.vinsguru.tests.flightreservation.FlightReservationTest@55cf0d14]" started-at="2024-12-07T05:47:07 GMT" name="flightsSelectionTest" finished-at="2024-12-07T05:47:09 GMT" depends-on-methods="com.vinsguru.tests.flightreservation.FlightReservationTest.flightsSearchTest" duration-ms="2514" status="PASS">
          <reporter-output>
          </reporter-output>
        </test-method> <!-- flightsSelectionTest -->
        <test-method signature="flightReservationConfirmationTest()[pri:0, instance:com.vinsguru.tests.flightreservation.FlightReservationTest@55cf0d14]" started-at="2024-12-07T05:47:09 GMT" name="flightReservationConfirmationTest" finished-at="2024-12-07T05:47:11 GMT" depends-on-methods="com.vinsguru.tests.flightreservation.FlightReservationTest.flightsSelectionTest" duration-ms="1803" status="PASS">
          <reporter-output>
          </reporter-output>
        </test-method> <!-- flightReservationConfirmationTest -->
        <test-method is-config="true" signature="quitDriver()[pri:0, instance:com.vinsguru.tests.flightreservation.FlightReservationTest@55cf0d14]" started-at="2024-12-07T05:47:11 GMT" name="quitDriver" finished-at="2024-12-07T05:47:11 GMT" duration-ms="88" status="PASS">
          <reporter-output>
          </reporter-output>
        </test-method> <!-- quitDriver -->
      </class> <!-- com.vinsguru.tests.flightreservation.FlightReservationTest -->
    </test> <!-- passengers-count-2 -->
    <test started-at="2024-12-07T05:46:57 GMT" name="passengers-count-4" finished-at="2024-12-07T05:47:17 GMT" duration-ms="19464">
      <class name="com.vinsguru.tests.flightreservation.FlightReservationTest">
        <test-method is-config="true" signature="setupConfig()[pri:0, instance:com.vinsguru.tests.flightreservation.FlightReservationTest@1fd14d74]" started-at="2024-12-07T05:46:57 GMT" name="setupConfig" finished-at="2024-12-07T05:46:57 GMT" duration-ms="24" status="PASS">
          <reporter-output>
          </reporter-output>
        </test-method> <!-- setupConfig -->
        <test-method is-config="true" signature="setDriver(org.testng.ITestContext)[pri:0, instance:com.vinsguru.tests.flightreservation.FlightReservationTest@1fd14d74]" started-at="2024-12-07T05:46:57 GMT" name="setDriver" finished-at="2024-12-07T05:47:10 GMT" duration-ms="12432" status="PASS">
          <params>
            <param index="0">
              <value>
                <![CDATA[org.testng.TestRunner@7b205dbd]]>
              </value>
            </param>
          </params>
          <reporter-output>
          </reporter-output>
        </test-method> <!-- setDriver -->
        <test-method is-config="true" signature="setParameters(java.lang.String)[pri:0, instance:com.vinsguru.tests.flightreservation.FlightReservationTest@1fd14d74]" started-at="2024-12-07T05:47:10 GMT" name="setParameters" finished-at="2024-12-07T05:47:10 GMT" depends-on-methods="com.vinsguru.tests.AbstractTest.setDriver" duration-ms="7" status="PASS">
          <params>
            <param index="0">
              <value>
                <![CDATA[test-data/flight-reservation/passenger-4.json]]>
              </value>
            </param>
          </params>
          <reporter-output>
          </reporter-output>
        </test-method> <!-- setParameters -->
        <test-method signature="userRegistrationTest()[pri:0, instance:com.vinsguru.tests.flightreservation.FlightReservationTest@1fd14d74]" started-at="2024-12-07T05:47:10 GMT" name="userRegistrationTest" finished-at="2024-12-07T05:47:11 GMT" duration-ms="1667" status="PASS">
          <reporter-output>
          </reporter-output>
        </test-method> <!-- userRegistrationTest -->
        <test-method signature="registrationConfirmationTest()[pri:0, instance:com.vinsguru.tests.flightreservation.FlightReservationTest@1fd14d74]" started-at="2024-12-07T05:47:11 GMT" name="registrationConfirmationTest" finished-at="2024-12-07T05:47:14 GMT" depends-on-methods="com.vinsguru.tests.flightreservation.FlightReservationTest.userRegistrationTest" duration-ms="2376" status="PASS">
          <reporter-output>
          </reporter-output>
        </test-method> <!-- registrationConfirmationTest -->
        <test-method signature="flightsSearchTest()[pri:0, instance:com.vinsguru.tests.flightreservation.FlightReservationTest@1fd14d74]" started-at="2024-12-07T05:47:14 GMT" name="flightsSearchTest" finished-at="2024-12-07T05:47:14 GMT" depends-on-methods="com.vinsguru.tests.flightreservation.FlightReservationTest.registrationConfirmationTest" duration-ms="326" status="PASS">
          <reporter-output>
          </reporter-output>
        </test-method> <!-- flightsSearchTest -->
        <test-method signature="flightsSelectionTest()[pri:0, instance:com.vinsguru.tests.flightreservation.FlightReservationTest@1fd14d74]" started-at="2024-12-07T05:47:14 GMT" name="flightsSelectionTest" finished-at="2024-12-07T05:47:15 GMT" depends-on-methods="com.vinsguru.tests.flightreservation.FlightReservationTest.flightsSearchTest" duration-ms="808" status="PASS">
          <reporter-output>
          </reporter-output>
        </test-method> <!-- flightsSelectionTest -->
        <test-method signature="flightReservationConfirmationTest()[pri:0, instance:com.vinsguru.tests.flightreservation.FlightReservationTest@1fd14d74]" started-at="2024-12-07T05:47:15 GMT" name="flightReservationConfirmationTest" finished-at="2024-12-07T05:47:17 GMT" depends-on-methods="com.vinsguru.tests.flightreservation.FlightReservationTest.flightsSelectionTest" duration-ms="1734" status="PASS">
          <reporter-output>
          </reporter-output>
        </test-method> <!-- flightReservationConfirmationTest -->
        <test-method is-config="true" signature="quitDriver()[pri:0, instance:com.vinsguru.tests.flightreservation.FlightReservationTest@1fd14d74]" started-at="2024-12-07T05:47:17 GMT" name="quitDriver" finished-at="2024-12-07T05:47:17 GMT" duration-ms="105" status="PASS">
          <reporter-output>
          </reporter-output>
        </test-method> <!-- quitDriver -->
      </class> <!-- com.vinsguru.tests.flightreservation.FlightReservationTest -->
    </test> <!-- passengers-count-4 -->
    <test started-at="2024-12-07T05:46:57 GMT" name="passengers-count-3" finished-at="2024-12-07T05:47:19 GMT" duration-ms="22202">
      <class name="com.vinsguru.tests.flightreservation.FlightReservationTest">
        <test-method is-config="true" signature="setDriver(org.testng.ITestContext)[pri:0, instance:com.vinsguru.tests.flightreservation.FlightReservationTest@27adc16e]" started-at="2024-12-07T05:46:57 GMT" name="setDriver" finished-at="2024-12-07T05:47:12 GMT" duration-ms="14548" status="PASS">
          <params>
            <param index="0">
              <value>
                <![CDATA[org.testng.TestRunner@7a67e3c6]]>
              </value>
            </param>
          </params>
          <reporter-output>
          </reporter-output>
        </test-method> <!-- setDriver -->
        <test-method is-config="true" signature="setParameters(java.lang.String)[pri:0, instance:com.vinsguru.tests.flightreservation.FlightReservationTest@27adc16e]" started-at="2024-12-07T05:47:12 GMT" name="setParameters" finished-at="2024-12-07T05:47:12 GMT" depends-on-methods="com.vinsguru.tests.AbstractTest.setDriver" duration-ms="2" status="PASS">
          <params>
            <param index="0">
              <value>
                <![CDATA[test-data/flight-reservation/passenger-3.json]]>
              </value>
            </param>
          </params>
          <reporter-output>
          </reporter-output>
        </test-method> <!-- setParameters -->
        <test-method signature="userRegistrationTest()[pri:0, instance:com.vinsguru.tests.flightreservation.FlightReservationTest@27adc16e]" started-at="2024-12-07T05:47:12 GMT" name="userRegistrationTest" finished-at="2024-12-07T05:47:13 GMT" duration-ms="1674" status="PASS">
          <reporter-output>
          </reporter-output>
        </test-method> <!-- userRegistrationTest -->
        <test-method signature="registrationConfirmationTest()[pri:0, instance:com.vinsguru.tests.flightreservation.FlightReservationTest@27adc16e]" started-at="2024-12-07T05:47:13 GMT" name="registrationConfirmationTest" finished-at="2024-12-07T05:47:14 GMT" depends-on-methods="com.vinsguru.tests.flightreservation.FlightReservationTest.userRegistrationTest" duration-ms="716" status="PASS">
          <reporter-output>
          </reporter-output>
        </test-method> <!-- registrationConfirmationTest -->
        <test-method signature="flightsSearchTest()[pri:0, instance:com.vinsguru.tests.flightreservation.FlightReservationTest@27adc16e]" started-at="2024-12-07T05:47:14 GMT" name="flightsSearchTest" finished-at="2024-12-07T05:47:16 GMT" depends-on-methods="com.vinsguru.tests.flightreservation.FlightReservationTest.registrationConfirmationTest" duration-ms="1917" status="PASS">
          <reporter-output>
          </reporter-output>
        </test-method> <!-- flightsSearchTest -->
        <test-method signature="flightsSelectionTest()[pri:0, instance:com.vinsguru.tests.flightreservation.FlightReservationTest@27adc16e]" started-at="2024-12-07T05:47:16 GMT" name="flightsSelectionTest" finished-at="2024-12-07T05:47:17 GMT" depends-on-methods="com.vinsguru.tests.flightreservation.FlightReservationTest.flightsSearchTest" duration-ms="872" status="PASS">
          <reporter-output>
          </reporter-output>
        </test-method> <!-- flightsSelectionTest -->
        <test-method signature="flightReservationConfirmationTest()[pri:0, instance:com.vinsguru.tests.flightreservation.FlightReservationTest@27adc16e]" started-at="2024-12-07T05:47:17 GMT" name="flightReservationConfirmationTest" finished-at="2024-12-07T05:47:19 GMT" depends-on-methods="com.vinsguru.tests.flightreservation.FlightReservationTest.flightsSelectionTest" duration-ms="2370" status="PASS">
          <reporter-output>
          </reporter-output>
        </test-method> <!-- flightReservationConfirmationTest -->
        <test-method is-config="true" signature="quitDriver()[pri:0, instance:com.vinsguru.tests.flightreservation.FlightReservationTest@27adc16e]" started-at="2024-12-07T05:47:19 GMT" name="quitDriver" finished-at="2024-12-07T05:47:19 GMT" duration-ms="90" status="PASS">
          <reporter-output>
          </reporter-output>
        </test-method> <!-- quitDriver -->
      </class> <!-- com.vinsguru.tests.flightreservation.FlightReservationTest -->
    </test> <!-- passengers-count-3 -->
  </suite> <!-- flight-reservation -->
</testng-results>
